MPASM 5.82                     SIMONDICE.ASM   5-1-2019  16:12:25         PAGE  1


LOC  OBJECT CODE     LINE SOURCE TEXT
  VALUE

                      00001     RADIX DEC
                      00002     PROCESSOR 18F45K50
                      00003     #INCLUDE <P18F45K50.INC> 
                      00001         LIST
                      00002 
                      00003 ;==========================================================================
                      00004 ; Build date : Sep 19 2018
                      00005 ;  MPASM PIC18F45K50 processor include
                      00006 ; 
                      00007 ;  (c) Copyright 1999-2018 Microchip Technology, All rights reserved
                      00008 ;==========================================================================
                      00009 
                      02340         LIST
                      00004     
                      00005     ; Variable definition
  00000000            00006 puntaje EQU 0x00
  00000001            00007 indice EQU 0x01
  00000002            00008 LCDConfig EQU 0x02
  00000003            00009 LCDData EQU 0x03
  00000004            00010 NUM EQU 0x04
  00000005            00011 maxP EQU 0x05
  00000040            00012 iterator EQU 0x40
  00000041            00013 address EQU 0x41
  00000042            00014 comparador EQU 0x42
  00000043            00015 flag EQU 0x43
  00000000            00016 bitf EQU 0
                      00017     
                      00018     ; Code for software simulation
                      00019     org 0x00        ; Reset vector 
000000 EF00 F008      00020     goto 0X1000 
                      00021  
                      00022     org 0X08        ; High Interrupt Vector 
000008 EF04 F008      00023     goto 0X1008 
                      00024  
                      00025     org 0X18        ; Low Interrupt Vector 
000018 EF0C F008      00026     goto 0X1018 
                      00027     ; End of code for software simulation
                      00028     
                      00029     org 0X1000      ; Reset Vector 
001000 EF?? F???      00030     goto main
                      00031     org 0X1008      ; High Interrupt Vector 
                      00032     ;goto isrHigh   
                      00033     org 0X1018      ; Low Interrupt Vector 
                      00034     ;goto isrLow
                      00035 
001018                00036 main:
001018 010F           00037     movlb 15
00101A 6B5B           00038     clrf ANSELA, BANKED
00101C 6A92           00039     clrf TRISA, A
00101E 6A89           00040     clrf LATA, A
                      00041     
001020 6B5C           00042     clrf ANSELB, BANKED
001022 9EF1           00043     bcf INTCON2, 7, A       ; Enable global pull-up
MPASM 5.82                     SIMONDICE.ASM   5-1-2019  16:12:25         PAGE  2


LOC  OBJECT CODE     LINE SOURCE TEXT
  VALUE

001024 0E0F           00044     movlw b'00001111'
001026 6E93           00045     movwf TRISB, A
001028 6E85           00046     movwf WPUB, A
00102A 688A           00047     setf LATB, A
                      00048     
00102C 6B5D           00049     clrf ANSELC, BANKED
00102E 6A94           00050     clrf TRISC, A
001030 6A8B           00051     clrf LATC, A
                      00052     
001032 6B5E           00053     clrf ANSELD, BANKED
001034 6A95           00054     clrf TRISD, A
001036 6A8C           00055     clrf LATD, A
                      00056     
001038 EC?? F???      00057     call waitLCD
                      00058     
00103C 6A02           00059     clrf LCDConfig                          
00103E 0E38           00060     movlw b'00111000'               ; Function set for LCD
001040 6E03           00061     movwf LCDData
001042 EC?? F???      00062     call sendLCD
                      00063     
001046 0E06           00064     movlw b'00000110'               ; Entry mode
001048 6E03           00065     movwf LCDData
00104A EC?? F???      00066     call sendLCD
                      00067     
00104E 0E0F           00068     movlw b'00001111'               ; Display on
001050 6E03           00069     movwf LCDData
001052 EC?? F???      00070     call sendLCD
                      00071     
001056 0E01           00072     movlw b'00000001'               ; Clear display
001058 6E03           00073     movwf LCDData
00105A EC?? F???      00074     call sendLCD
                      00075     
                      00076     
00105E                00077 loop:
00105E EC?? F???      00078     call loadEEPROM
                      00079     ;call configT2
001062 EC?? F???      00080     call menuLCD
001066 EF?? F???      00081 here goto here
                      00082     
00106A                00083 loadEEPROM:
00106A 0E00           00084     movlw 0
00106C 6EA9           00085     movwf EEADR, A          ; 0x00 Primera secuencia
00106E 0E08           00086     movlw 8
001070 6EA8           00087     movwf EEDATA, A
001072 0E04           00088     movlw b'00000100'
001074 6EA6           00089     movwf EECON1, A
001076 EC?? F???      00090     call writeToEE
                      00091     
00107A 2AA9           00092     incf EEADR, F, A        ; 0x01
00107C 0E04           00093     movlw 4
00107E 6EA8           00094     movwf EEDATA, A
001080 EC?? F???      00095     call writeToEE
                      00096     
MPASM 5.82                     SIMONDICE.ASM   5-1-2019  16:12:25         PAGE  3


LOC  OBJECT CODE     LINE SOURCE TEXT
  VALUE

001084 2AA9           00097     incf EEADR, F, A        ; 0x02
001086 0E02           00098     movlw 2
001088 6EA8           00099     movwf EEDATA, A
00108A EC?? F???      00100     call writeToEE
                      00101     
00108E 2AA9           00102     incf EEADR, F, A        ; 0x03
001090 0E04           00103     movlw 4
001092 6EA8           00104     movwf EEDATA, A
001094 EC?? F???      00105     call writeToEE
                      00106     
001098 2AA9           00107     incf EEADR, F, A        ; 0x04
00109A 0E02           00108     movlw 2
00109C 6EA8           00109     movwf EEDATA, A
00109E EC?? F???      00110     call writeToEE
                      00111     
0010A2 2AA9           00112     incf EEADR, F, A        ; 0x05
0010A4 0E04           00113     movlw 4
0010A6 6EA8           00114     movwf EEDATA, A
0010A8 EC?? F???      00115     call writeToEE
                      00116     
0010AC 2AA9           00117     incf EEADR, F, A        ; 0x06
0010AE 0E08           00118     movlw 8
0010B0 6EA8           00119     movwf EEDATA, A
0010B2 EC?? F???      00120     call writeToEE
                      00121     
0010B6 2AA9           00122     incf EEADR, F, A        ; 0x07
0010B8 0E04           00123     movlw 4
0010BA 6EA8           00124     movwf EEDATA, A
0010BC EC?? F???      00125     call writeToEE
                      00126     
0010C0 2AA9           00127     incf EEADR, F, A        ; 0x08
0010C2 0E08           00128     movlw 8
0010C4 6EA8           00129     movwf EEDATA, A
0010C6 EC?? F???      00130     call writeToEE
                      00131     
0010CA 2AA9           00132     incf EEADR, F, A        ; 0x09
0010CC 0E01           00133     movlw 1
0010CE 6EA8           00134     movwf EEDATA, A
0010D0 EC?? F???      00135     call writeToEE
                      00136     
0010D4 2AA9           00137     incf EEADR, F, A        ; 0x0A Segunda secuencia
0010D6 0E02           00138     movlw 2
0010D8 6EA8           00139     movwf EEDATA, A
0010DA EC?? F???      00140     call writeToEE
                      00141     
0010DE 2AA9           00142     incf EEADR, F, A        ; 0x0B
0010E0 0E04           00143     movlw 4
0010E2 6EA8           00144     movwf EEDATA, A
0010E4 EC?? F???      00145     call writeToEE
                      00146     
0010E8 2AA9           00147     incf EEADR, F, A        ; 0x0C
0010EA 0E08           00148     movlw 8
0010EC 6EA8           00149     movwf EEDATA, A
MPASM 5.82                     SIMONDICE.ASM   5-1-2019  16:12:25         PAGE  4


LOC  OBJECT CODE     LINE SOURCE TEXT
  VALUE

0010EE EC?? F???      00150     call writeToEE
                      00151     
0010F2 2AA9           00152     incf EEADR, F, A        ; 0x0D
0010F4 0E01           00153     movlw 1
0010F6 6EA8           00154     movwf EEDATA, A
0010F8 EC?? F???      00155     call writeToEE
                      00156     
0010FC 2AA9           00157     incf EEADR, F, A        ; 0x0E
0010FE 0E02           00158     movlw 2
001100 6EA8           00159     movwf EEDATA, A
001102 EC?? F???      00160     call writeToEE
                      00161     
001106 2AA9           00162     incf EEADR, F, A        ; 0x0F
001108 0E01           00163     movlw 1
00110A 6EA8           00164     movwf EEDATA, A
00110C EC?? F???      00165     call writeToEE
                      00166     
001110 2AA9           00167     incf EEADR, F, A        ; 0x10
001112 0E02           00168     movlw 2
001114 6EA8           00169     movwf EEDATA, A
001116 EC?? F???      00170     call writeToEE
                      00171     
00111A 2AA9           00172     incf EEADR, F, A        ; 0x11
00111C 0E01           00173     movlw 1
00111E 6EA8           00174     movwf EEDATA, A
001120 EC?? F???      00175     call writeToEE
                      00176     
001124 2AA9           00177     incf EEADR, F, A        ; 0x12
001126 0E08           00178     movlw 8
001128 6EA8           00179     movwf EEDATA, A
00112A EC?? F???      00180     call writeToEE
                      00181     
00112E 2AA9           00182     incf EEADR, F, A        ; 0x13
001130 0E04           00183     movlw 4
001132 6EA8           00184     movwf EEDATA, A
001134 EC?? F???      00185     call writeToEE
                      00186         
001138 94A6           00187     bcf EECON1, WREN, A
00113A 0012           00188     return
                      00189     
00113C                00190 writeToEE:
00113C 0E55           00191     movlw 0x55
00113E 6EA7           00192     movwf EECON2, A
001140 0EAA           00193     movlw 0x0AA
001142 6EA7           00194     movwf EECON2, A
001144 82A6           00195     bsf EECON1, WR, A
001146 EC?? F???      00196     call waitWrite
00114A 0012           00197     return
                      00198     
00114C                00199 waitWrite:
00114C B2A6           00200     btfsc EECON1, WR, A
00114E EF?? F???      00201         goto waitWrite
001152 0012           00202     return
MPASM 5.82                     SIMONDICE.ASM   5-1-2019  16:12:25         PAGE  5


LOC  OBJECT CODE     LINE SOURCE TEXT
  VALUE

                      00203 
                      00204     
001154                00205 menuLCD:
001154 6A02           00206     clrf LCDConfig, A           ; Clear display
001156 0E01           00207     movlw 1
001158 6E03           00208     movwf LCDData, A
00115A EC?? F???      00209     call sendLCD
                      00210     
00115E 0E02           00211     movlw b'010'
001160 6E02           00212     movwf LCDConfig, A
001162 0E4A           00213     movlw a'J'
001164 6E03           00214     movwf LCDData, A
001166 EC?? F???      00215     call sendLCD
                      00216     
00116A 0E75           00217     movlw a'u'
00116C 6E03           00218     movwf LCDData, A
00116E EC?? F???      00219     call sendLCD
                      00220     
001172 0E67           00221     movlw a'g'
001174 6E03           00222     movwf LCDData, A
001176 EC?? F???      00223     call sendLCD
                      00224     
00117A 0E61           00225     movlw a'a'
00117C 6E03           00226     movwf LCDData, A
00117E EC?? F???      00227     call sendLCD
                      00228     
001182 0E72           00229     movlw a'r'
001184 6E03           00230     movwf LCDData, A
001186 EC?? F???      00231     call sendLCD
                      00232     
00118A 6A02           00233     clrf LCDConfig, A           ; Set DDRAM to 0x09
00118C 0E89           00234     movlw b'10001001'
00118E 6E03           00235     movwf LCDData, A
001190 EC?? F???      00236     call sendLCD
                      00237     
001194 0E02           00238     movlw b'010'
001196 6E02           00239     movwf LCDConfig, A
001198 0E31           00240     movlw a'1'
00119A 6E03           00241     movwf LCDData, A
00119C EC?? F???      00242     call sendLCD
                      00243     
0011A0 6A02           00244     clrf LCDConfig, A           ; Set DDRAM to 0x40
0011A2 0EC0           00245     movlw b'11000000'
0011A4 6E03           00246     movwf LCDData, A
0011A6 EC?? F???      00247     call sendLCD
                      00248     
0011AA 0E02           00249     movlw b'010'
0011AC 6E02           00250     movwf LCDConfig, A
0011AE 0E50           00251     movlw a'P'
0011B0 6E03           00252     movwf LCDData, A
0011B2 EC?? F???      00253     call sendLCD
                      00254     
0011B6 0E75           00255     movlw a'u'
MPASM 5.82                     SIMONDICE.ASM   5-1-2019  16:12:25         PAGE  6


LOC  OBJECT CODE     LINE SOURCE TEXT
  VALUE

0011B8 6E03           00256     movwf LCDData, A
0011BA EC?? F???      00257     call sendLCD
                      00258     
0011BE 0E6E           00259     movlw a'n'
0011C0 6E03           00260     movwf LCDData, A
0011C2 EC?? F???      00261     call sendLCD
                      00262     
0011C6 0E74           00263     movlw a't'
0011C8 6E03           00264     movwf LCDData, A
0011CA EC?? F???      00265     call sendLCD
                      00266     
0011CE 0E61           00267     movlw a'a'
0011D0 6E03           00268     movwf LCDData, A
0011D2 EC?? F???      00269     call sendLCD
                      00270     
0011D6 0E6A           00271     movlw a'j'
0011D8 6E03           00272     movwf LCDData, A
0011DA EC?? F???      00273     call sendLCD
                      00274     
0011DE 0E65           00275     movlw a'e'
0011E0 6E03           00276     movwf LCDData, A
0011E2 EC?? F???      00277     call sendLCD
                      00278     
0011E6 6A02           00279     clrf LCDConfig, A           ; Set DDRAM to 0x49
0011E8 0EC9           00280     movlw b'11001001'
0011EA 6E03           00281     movwf LCDData, A
0011EC EC?? F???      00282     call sendLCD
                      00283     
0011F0 0E02           00284     movlw b'010'
0011F2 6E02           00285     movwf LCDConfig, A
0011F4 0E32           00286     movlw a'2'
0011F6 6E03           00287     movwf LCDData, A
0011F8 EC?? F???      00288     call sendLCD
                      00289     
0011FC 0012           00290     return
                      00291     
                      00292     
0011FE                00293 sendLCD:
0011FE C002 FF8B      00294     movff LCDConfig, LATC               ; Set values for RS and RW
001202 848B           00295     bsf LATC, 2, A              ; Set enable bit
001204 C003 FF8C      00296     movff LCDData, LATD         ; Load Data port
001208 0000           00297     nop
00120A 948B           00298     bcf LATC, 2, A              ; Clear enable bit
00120C EC?? F???      00299     call waitLCD
001210 0012           00300     return
                      00301     
001212                00302 waitLCD:
001212 6895           00303     setf TRISD, A               ; Change port D to input
001214 0E01           00304     movlw b'001'
001216 6E8B           00305     movwf LATC, A               ; Set values for E, RS and RW
001218 848B           00306     bsf LATC, 2, A              ; Set enable bit
00121A BE83           00307     btfsc PORTD, 7, A           ; Checks busyflag
00121C EF?? F???      00308         goto waitLCD
MPASM 5.82                     SIMONDICE.ASM   5-1-2019  16:12:25         PAGE  7


LOC  OBJECT CODE     LINE SOURCE TEXT
  VALUE

001220 948B           00309     bcf LATC, 2, A              ; Clear enable bit
001222 6A95           00310     clrf TRISD, A               ; Change port D back to output
001224 0012           00311     return
                      00312     
001226                00313 configT2:
                      00314     
001226                00315 jugar:
                      00316     
001226                00317 masterloop:
001226 0E00           00318     movlw 0
001228 6E40           00319     movwf iterator
00122A                00320 loop1: 
00122A 5001           00321     movf indice, W, A
00122C 2440           00322     addwf iterator, W, A
00122E 6EA9           00323     movwf EEADR
001230 9EA6           00324     bcf EECON1, EEPGD, A
001232 9CA6           00325     bcf EECON1, CFGS, A
001234 80A6           00326     bsf EECON1, RD, A
001236 50A8           00327     movf EEDATA, W, A
001238 6E89           00328     movwf LATA, A
00123A 2840           00329     incf iterator, A
00123C 5000           00330     movf puntaje, W, A
00123E 5C40           00331     subwf iterator, W, A
001240 A4D8           00332     btfss STATUS, Z, A
001242 EC?? F???      00333     call loop1
001246 5001           00334     movf indice, W, A
001248 6E41           00335     movwf address
00124A 0E00           00336     movlw 0
00124C 6E40           00337     movwf iterator
00124E                00338 loop2:
                      00339     ;lectura del teclado
00124E 9043           00340     bcf flag,bitf,A
                      00341     ;guardar primer numero
001250                00342 Num:
001250 EC?? F???      00343     call ckc1
001254 A043           00344     btfss flag,bitf,A
001256 EF?? F???      00345     goto Num
00125A EC?? F???      00346     call delay1
00125E 9043           00347     bcf flag,bitf,A
001260 6E42           00348     movwf comparador,A
001262 5001           00349     movf indice, W, A
001264 2440           00350     addwf iterator, W, A
001266 6EA9           00351     movwf EEADR
001268 9EA6           00352     bcf EECON1, EEPGD, A
00126A 9CA6           00353     bcf EECON1, CFGS, A
00126C 80A6           00354     bsf EECON1, RD, A
00126E 50A8           00355     movf EEDATA, W, A
001270 6242           00356     cpfseq comparador, A
001272 EF?? F???      00357     goto incorr
001276 2840           00358     incf iterator, A
001278 5000           00359     movf puntaje, W, A
00127A 5C40           00360     subwf iterator, W, A
00127C A4D8           00361     btfss STATUS, Z, A
MPASM 5.82                     SIMONDICE.ASM   5-1-2019  16:12:25         PAGE  8


LOC  OBJECT CODE     LINE SOURCE TEXT
  VALUE

00127E EC?? F???      00362     call Num
001282 EC?? F???      00363     call corr
                      00364                 
                      00365 ;teclado
001286                00366 ckc1:   
001286 0EEF           00367     movlw b'11101111'
001288 6E8A           00368     movwf LATB,A
00128A A681           00369     btfss PORTB,3,A
00128C EC?? F???      00370         call uno
001290 A481           00371     btfss PORTB,2,A
001292 EC?? F???      00372         call uno
001296 A281           00373     btfss PORTB,1,A
001298 EC?? F???      00374         CALL uno
00129C A081           00375     btfss PORTB,0,A
00129E EC?? F???      00376         call uno
0012A2 EF?? F???      00377     goto ckc2
                      00378     
0012A6                00379 ckc2:
0012A6 0EDF           00380     movlw b'11011111'
0012A8 6E8A           00381     movwf LATB,A
0012AA A681           00382     btfss PORTB,3,A
0012AC EC?? F???      00383         call dos
0012B0 A481           00384     btfss PORTB,2,A
0012B2 EC?? F???      00385         call dos
0012B6 A281           00386     btfss PORTB,1,A
0012B8 EC?? F???      00387         CALL dos
0012BC A081           00388     btfss PORTB,0,A
0012BE EC?? F???      00389         call dos
0012C2 EF?? F???      00390     goto ckc3
                      00391     
0012C6                00392 ckc3:
0012C6 0EBF           00393     movlw b'10111111'
0012C8 6E8A           00394     movwf LATB,A
0012CA A681           00395     btfss PORTB,3,A
0012CC EC?? F???      00396         call cuatro
0012D0 A481           00397     btfss PORTB,2,A
0012D2 EC?? F???      00398         call cuatro
0012D6 A281           00399     btfss PORTB,1,A
0012D8 EC?? F???      00400         CALL cuatro
0012DC A081           00401     btfss PORTB,0,A
0012DE EC?? F???      00402         call cuatro
0012E2 EF?? F???      00403     goto ckc4
                      00404     
0012E6                00405 ckc4:
0012E6 0E7F           00406     movlw b'01111111'
0012E8 6E8A           00407     movwf LATB,A
0012EA A681           00408     btfss PORTB,3,A
0012EC EC?? F???      00409         call ocho
0012F0 A481           00410     btfss PORTB,2,A
0012F2 EC?? F???      00411         call ocho
0012F6 A281           00412     btfss PORTB,1,A
0012F8 EC?? F???      00413         CALL ocho
0012FC A081           00414     btfss PORTB,0,A
MPASM 5.82                     SIMONDICE.ASM   5-1-2019  16:12:25         PAGE  9


LOC  OBJECT CODE     LINE SOURCE TEXT
  VALUE

0012FE EC?? F???      00415         call ocho
001302 0012           00416     return
                      00417     
001304                00418 uno:
001304 8043           00419     bsf flag,bitf,A
001306 0E01           00420     movlw .1
001308 6E89           00421     movwf LATA,A
00130A 0012           00422     return
                      00423     
00130C                00424 dos:
00130C 8043           00425     bsf flag,bitf,A
00130E 0E02           00426     movlw .2
001310 6E89           00427     movwf LATA,A
001312 0012           00428     return
                      00429     
001314                00430 cuatro:
001314 8043           00431     bsf flag,bitf,A
001316 0E04           00432     movlw .4
001318 6E89           00433     movwf LATA,A
00131A 0012           00434     return
                      00435     
00131C                00436 ocho:
00131C 8043           00437     bsf flag,bitf,A
00131E 0E08           00438     movlw .8
001320 6E89           00439     movwf LATA,A
001322 0012           00440     return
                      00441     
001324                00442 incorr:
001324 0E14           00443     movlw 0x14
001326 6EA9           00444     movwf EEADR, A
001328 9EA6           00445     bcf EECON1, EEPGD, A
00132A 9CA6           00446     bcf EECON1, CFGS, A
00132C 80A6           00447     bsf EECON1, RD, A
00132E 50A8           00448     movf EEDATA, W, A
001330 6400           00449     cpfsgt puntaje, A
001332 EC?? F???      00450     call menuLCD
001336 0E10           00451     movlw .16
001338 6E89           00452     movwf LATA
00133A EC?? F???      00453     call setmaxpoints
                      00454    
00133E                00455 corr:
00133E 2800           00456     incf puntaje, A
001340 0E0A           00457     movlw .10
001342 6200           00458     cpfseq puntaje, A
001344 EC?? F???      00459     call masterloop 
001348 0E20           00460     movlw .32
00134A 6E89           00461     movwf LATA
00134C EC?? F???      00462     call setmaxpoints
                      00463     
001350                00464 setmaxpoints:
001350 0E14           00465     movlw 0x14
001352 6EA9           00466     movwf EEADR
001354 5000           00467     movf puntaje, W, A
MPASM 5.82                     SIMONDICE.ASM   5-1-2019  16:12:25         PAGE 10


LOC  OBJECT CODE     LINE SOURCE TEXT
  VALUE

001356 6EA8           00468     movwf EEDATA, A
001358 EC?? F???      00469     call writeToEE
00135C EC?? F???      00470     call menuLCD
                      00471     
001360                00472 puntajeLCD:
                      00473     
001360 EC?? F???      00474     call maxPoints
                      00475     
001364 6A02           00476     clrf LCDConfig, A           ; Clear display
001366 0E01           00477     movlw 1
001368 6E03           00478     movwf LCDData, A
00136A EC?? F???      00479     call sendLCD
                      00480     
00136E 0E02           00481     movlw b'010'
001370 6E02           00482     movwf LCDConfig, A
001372 0E50           00483     movlw a'P'
001374 6E03           00484     movwf LCDData, A
001376 EC?? F???      00485     call sendLCD
                      00486     
00137A 0E75           00487     movlw a'u'
00137C 6E03           00488     movwf LCDData, A
00137E EC?? F???      00489     call sendLCD
                      00490     
001382 0E6E           00491     movlw a'n'
001384 6E03           00492     movwf LCDData, A
001386 EC?? F???      00493     call sendLCD
                      00494     
00138A 0E74           00495     movlw a't'
00138C 6E03           00496     movwf LCDData, A
00138E EC?? F???      00497     call sendLCD
                      00498     
001392 0E61           00499     movlw a'a'
001394 6E03           00500     movwf LCDData, A
001396 EC?? F???      00501     call sendLCD
                      00502     
00139A 0E6A           00503     movlw a'j'
00139C 6E03           00504     movwf LCDData, A
00139E EC?? F???      00505     call sendLCD
                      00506     
0013A2 0E65           00507     movlw a'e'
0013A4 6E03           00508     movwf LCDData, A
0013A6 EC?? F???      00509     call sendLCD
                      00510     
0013AA 6A02           00511     clrf LCDConfig, A           ; Set DDRAM to 0x07
0013AC 0E87           00512     movlw b'10000111'
0013AE 6E03           00513     movwf LCDData, A
0013B0 EC?? F???      00514     call sendLCD
                      00515     
0013B4 0E02           00516     movlw b'010'
0013B6 6E02           00517     movwf LCDConfig, A
0013B8 0E4D           00518     movlw a'M'
0013BA 6E03           00519     movwf LCDData, A
0013BC EC?? F???      00520     call sendLCD
MPASM 5.82                     SIMONDICE.ASM   5-1-2019  16:12:25         PAGE 11


LOC  OBJECT CODE     LINE SOURCE TEXT
  VALUE

                      00521     
0013C0 0E61           00522     movlw a'a'
0013C2 6E03           00523     movwf LCDData, A
0013C4 EC?? F???      00524     call sendLCD
                      00525     
0013C8 0E78           00526     movlw a'x'
0013CA 6E03           00527     movwf LCDData, A
0013CC EC?? F???      00528     call sendLCD
                      00529     
0013D0 6A02           00530     clrf LCDConfig, A           ; Set DDRAM to 0x11
0013D2 0E8B           00531     movlw b'10001011'
0013D4 6E03           00532     movwf LCDData, A
0013D6 EC?? F???      00533     call sendLCD
                      00534     
0013DA 0E0A           00535     movlw 0x0A
0013DC 6005           00536     cpfslt maxP, A
0013DE EC?? F???      00537         call add6
0013E2 0EF0           00538     movlw b'11110000'
0013E4 1405           00539     andwf maxP, W, A
0013E6 38E8           00540     swapf WREG, W, A
0013E8 CFE8 F004      00541     movff WREG, NUM
0013EC EC?? F???      00542     call displayNum             ; Dígito más significativo
0013F0 0E0F           00543     movlw b'00001111'
0013F2 1405           00544     andwf maxP, W, A
0013F4 CFE8 F004      00545     movff WREG, NUM
0013F8 EC?? F???      00546     call displayNum             ; Dígito menos significativo
0013FC 0012           00547     return
                      00548     
0013FE                00549 add6:
0013FE 0E06           00550     movlw 6
001400 2605           00551     addwf maxP, F, A
001402 0012           00552     return
                      00553     
001404                00554 maxPoints:
001404 0E14           00555     movlw 0x14
001406 6EA9           00556     movwf EEADR, A
001408 9EA6           00557     bcf EECON1, EEPGD, A
00140A 9CA6           00558     bcf EECON1, CFGS, A
00140C 80A6           00559     bsf EECON1, RD, A
00140E 50A8           00560     movf EEDATA, W, A
001410 6E05           00561     movwf maxP, A
001412 0012           00562     return
                      00563     
001414                00564 displayNum:
001414 0E00           00565     movlw 0
001416 6404           00566     cpfsgt NUM, A
001418 EF?? F???      00567         goto display0
00141C 0E01           00568     movlw 1
00141E 6404           00569     cpfsgt NUM, A
001420 EF?? F???      00570         goto display1
001424 0E02           00571     movlw 2
001426 6404           00572     cpfsgt NUM, A
001428 EF?? F???      00573         goto display2
MPASM 5.82                     SIMONDICE.ASM   5-1-2019  16:12:25         PAGE 12


LOC  OBJECT CODE     LINE SOURCE TEXT
  VALUE

00142C 0E03           00574     movlw 3
00142E 6404           00575     cpfsgt NUM, A
001430 EF?? F???      00576         goto display3
001434 0E04           00577     movlw 4
001436 6404           00578     cpfsgt NUM, A
001438 EF?? F???      00579         goto display4
00143C 0E05           00580     movlw 5
00143E 6404           00581     cpfsgt NUM, A
001440 EF?? F???      00582         goto display5
001444 0E06           00583     movlw 6
001446 6404           00584     cpfsgt NUM, A
001448 EF?? F???      00585         goto display6
00144C 0E07           00586     movlw 7
00144E 6404           00587     cpfsgt NUM, A
001450 EF?? F???      00588         goto display7
001454 0E08           00589     movlw 8
001456 6404           00590     cpfsgt NUM, A
001458 EF?? F???      00591         goto display8
00145C EF?? F???      00592     goto display9
                      00593     
001460                00594 display0:
001460 0E02           00595     movlw b'010'
001462 6E02           00596     movwf LCDConfig
001464 0E30           00597     movlw a'0'
001466 6E03           00598     movwf LCDData
001468 EC?? F???      00599     call sendLCD
00146C 0012           00600     return
                      00601     
00146E                00602 display1:
00146E 0E02           00603     movlw b'010'
001470 6E02           00604     movwf LCDConfig
001472 0E31           00605     movlw a'1'
001474 6E03           00606     movwf LCDData
001476 EC?? F???      00607     call sendLCD
00147A 0012           00608     return
                      00609     
00147C                00610 display2:
00147C 0E02           00611     movlw b'010'
00147E 6E02           00612     movwf LCDConfig
001480 0E32           00613     movlw a'2'
001482 6E03           00614     movwf LCDData
001484 EC?? F???      00615     call sendLCD
001488 0012           00616     return
                      00617     
00148A                00618 display3:
00148A 0E02           00619     movlw b'010'
00148C 6E02           00620     movwf LCDConfig
00148E 0E33           00621     movlw a'3'
001490 6E03           00622     movwf LCDData
001492 EC?? F???      00623     call sendLCD
001496 0012           00624     return
                      00625     
001498                00626 display4:
MPASM 5.82                     SIMONDICE.ASM   5-1-2019  16:12:25         PAGE 13


LOC  OBJECT CODE     LINE SOURCE TEXT
  VALUE

001498 0E02           00627     movlw b'010'
00149A 6E02           00628     movwf LCDConfig
00149C 0E34           00629     movlw a'4'
00149E 6E03           00630     movwf LCDData
0014A0 EC?? F???      00631     call sendLCD
0014A4 0012           00632     return
                      00633     
0014A6                00634 display5:
0014A6 0E02           00635     movlw b'010'
0014A8 6E02           00636     movwf LCDConfig
0014AA 0E35           00637     movlw a'5'
0014AC 6E03           00638     movwf LCDData
0014AE EC?? F???      00639     call sendLCD
0014B2 0012           00640     return
                      00641     
0014B4                00642 display6:
0014B4 0E02           00643     movlw b'010'
0014B6 6E02           00644     movwf LCDConfig
0014B8 0E36           00645     movlw a'6'
0014BA 6E03           00646     movwf LCDData
0014BC EC?? F???      00647     call sendLCD
0014C0 0012           00648     return
                      00649     
0014C2                00650 display7:
0014C2 0E02           00651     movlw b'010'
0014C4 6E02           00652     movwf LCDConfig
0014C6 0E37           00653     movlw a'7'
0014C8 6E03           00654     movwf LCDData
0014CA EC?? F???      00655     call sendLCD
0014CE 0012           00656     return
                      00657     
0014D0                00658 display8:
0014D0 0E02           00659     movlw b'010'
0014D2 6E02           00660     movwf LCDConfig
0014D4 0E38           00661     movlw a'8'
0014D6 6E03           00662     movwf LCDData
0014D8 EC?? F???      00663     call sendLCD
0014DC 0012           00664     return
                      00665     
0014DE                00666 display9:
0014DE 0E02           00667     movlw b'010'
0014E0 6E02           00668     movwf LCDConfig
0014E2 0E39           00669     movlw a'9'
0014E4 6E03           00670     movwf LCDData
0014E6 EC?? F???      00671     call sendLCD
0014EA 0012           00672     return
                      00673    
0014EC 2A38           00674 rutDel incf 0x38,F,A
0014EE A4D8           00675     btfss STATUS,2
0014F0 EF?? F???      00676         goto rutDel
0014F4 0012           00677         return  
0014F6 EC?? F???      00678 rutDel2 call rutDel
0014FA 2A39           00679     incf 0x39,F,A
MPASM 5.82                     SIMONDICE.ASM   5-1-2019  16:12:25         PAGE 14


LOC  OBJECT CODE     LINE SOURCE TEXT
  VALUE

0014FC A4D8           00680     btfss STATUS,2
0014FE EF?? F???      00681         goto rutDel2
001502 0012           00682         return
001504                00683 delay1:
001504 0EFA           00684     movlw d'250'
001506 6E3A           00685     movwf 0x3A,A
001508 EC?? F???      00686 rutDel3 call rutDel2
00150C 2A3A           00687     incf 0x3A,F,A
00150E A4D8           00688     btfss STATUS,2
001510 EF?? F???      00689         goto rutDel3
001514 0012           00690         return
                      00691     
                      00692     end
MPASM 5.82                     SIMONDICE.ASM   5-1-2019  16:12:25         PAGE 15


SYMBOL TABLE
  LABEL                             VALUE 

A                                 00000000
ABDEN                             00000000
ABDOVF                            00000007
ACCESS                            00000000
ACKDT                             00000005
ACKEN                             00000004
ACKSTAT                           00000006
ACKTIM                            00000007
ACQT0                             00000003
ACQT1                             00000004
ACQT2                             00000005
ACTCON                            00000FB5
ACTD                              00000006
ACTEN                             00000007
ACTIE                             00000007
ACTIF                             00000007
ACTIP                             00000007
ACTLOCK                           00000003
ACTMD                             00000004
ACTOR                             00000001
ACTORS                            00000001
ACTSEL                            00000007
ACTSRC                            00000004
ACTUD                             00000006
ACTVIE                            00000002
ACTVIF                            00000002
ADCMD                             00000002
ADCON0                            00000FC2
ADCON1                            00000FC1
ADCON2                            00000FC0
ADCS0                             00000000
ADCS1                             00000001
ADCS2                             00000002
ADDEN                             00000003
ADDR0                             00000000
ADDR1                             00000001
ADDR2                             00000002
ADDR3                             00000003
ADDR4                             00000004
ADDR5                             00000005
ADDR6                             00000006
ADEN                              00000003
ADFM                              00000007
ADIE                              00000006
ADIF                              00000006
ADIP                              00000006
ADON                              00000000
ADRESH                            00000FC4
ADRESL                            00000FC3
AHEN                              00000001
AN0                               00000000
AN1                               00000001
AN2                               00000002
MPASM 5.82                     SIMONDICE.ASM   5-1-2019  16:12:25         PAGE 16


SYMBOL TABLE
  LABEL                             VALUE 

AN3                               00000003
AN4                               00000005
ANSA0                             00000000
ANSA1                             00000001
ANSA2                             00000002
ANSA3                             00000003
ANSA5                             00000005
ANSB0                             00000000
ANSB1                             00000001
ANSB2                             00000002
ANSB3                             00000003
ANSB4                             00000004
ANSB5                             00000005
ANSC2                             00000002
ANSC6                             00000006
ANSC7                             00000007
ANSD0                             00000000
ANSD1                             00000001
ANSD2                             00000002
ANSD3                             00000003
ANSD4                             00000004
ANSD5                             00000005
ANSD6                             00000006
ANSD7                             00000007
ANSE0                             00000000
ANSE1                             00000001
ANSE2                             00000002
ANSELA                            00000F5B
ANSELB                            00000F5C
ANSELC                            00000F5D
ANSELD                            00000F5E
ANSELE                            00000F5F
BANKED                            00000001
BAUDCON                           00000FB8
BAUDCON1                          00000FB8
BCL1IE                            00000003
BCL1IF                            00000003
BCL1IP                            00000003
BCLIE                             00000003
BCLIF                             00000003
BCLIP                             00000003
BF                                00000000
BGVST                             00000006
BOEN                              00000004
BOR                               00000000
BRG0                              00000000
BRG1                              00000001
BRG10                             00000002
BRG11                             00000003
BRG12                             00000004
BRG13                             00000005
BRG14                             00000006
BRG15                             00000007
MPASM 5.82                     SIMONDICE.ASM   5-1-2019  16:12:25         PAGE 17


SYMBOL TABLE
  LABEL                             VALUE 

BRG16                             00000003
BRG2                              00000002
BRG3                              00000003
BRG4                              00000004
BRG5                              00000005
BRG6                              00000006
BRG7                              00000007
BRG8                              00000000
BRG9                              00000001
BRGH                              00000002
BSR                               00000FE0
BTOEE                             00000004
BTOEF                             00000004
BTSEE                             00000007
BTSEF                             00000007
C                                 00000000
C1CH0                             00000000
C1CH1                             00000001
C1HYS                             00000003
C1IE                              00000006
C1IF                              00000006
C1IP                              00000006
C1OE                              00000005
C1ON                              00000007
C1OUT                             00000006
C1POL                             00000004
C1R                               00000002
C1RSEL                            00000005
C1SP                              00000003
C1SYNC                            00000001
C1TSEL                            00000000
C2CH0                             00000000
C2CH1                             00000001
C2HYS                             00000002
C2IE                              00000005
C2IF                              00000005
C2IP                              00000005
C2OE                              00000005
C2ON                              00000007
C2OUT                             00000006
C2POL                             00000004
C2R                               00000002
C2RSEL                            00000004
C2SP                              00000003
C2SYNC                            00000000
C2TSEL                            00000003
CCH0                              00000000
CCH1                              00000001
CCP1                              00000002
CCP1ASE                           00000007
CCP1CON                           00000FBD
CCP1IE                            00000002
CCP1IF                            00000002
MPASM 5.82                     SIMONDICE.ASM   5-1-2019  16:12:25         PAGE 18


SYMBOL TABLE
  LABEL                             VALUE 

CCP1IP                            00000002
CCP1M0                            00000000
CCP1M1                            00000001
CCP1M2                            00000002
CCP1M3                            00000003
CCP1MD                            00000000
CCP1X                             00000005
CCP1Y                             00000004
CCP2CON                           00000F97
CCP2IE                            00000000
CCP2IF                            00000000
CCP2IP                            00000000
CCP2M0                            00000000
CCP2M1                            00000001
CCP2M2                            00000002
CCP2M3                            00000003
CCP2MD                            00000001
CCP2X                             00000005
CCP2Y                             00000004
CCPR1                             00000FBE
CCPR1H                            00000FBF
CCPR1L                            00000FBE
CCPR2                             00000F90
CCPR2H                            00000F91
CCPR2L                            00000F90
CCPTMRS                           00000F59
CFGS                              00000006
CK                                00000006
CK1SPP                            00000000
CK2SPP                            00000001
CKE                               00000006
CKP                               00000004
CKTXP                             00000004
CM1CON0                           00000F98
CM1IE                             00000006
CM1IF                             00000006
CM1IP                             00000006
CM2CON0                           00000F99
CM2CON1                           00000F9A
CM2IE                             00000005
CM2IF                             00000005
CM2IP                             00000005
CMP1MD                            00000003
CMP2MD                            00000004
COE                               00000005
CON                               00000007
COUT1                             00000006
COUT2                             00000006
CPOL                              00000004
CRC16EE                           00000002
CRC16EF                           00000002
CRC5EE                            00000001
CRC5EF                            00000001
MPASM 5.82                     SIMONDICE.ASM   5-1-2019  16:12:25         PAGE 19


SYMBOL TABLE
  LABEL                             VALUE 

CREF                              00000002
CREN                              00000004
CSRC                              00000007
CTMUCON0                          00000F8F
CTMUCON1                          00000F8E
CTMUCONH                          00000F8F
CTMUCONL                          00000F8E
CTMUEN                            00000007
CTMUICON                          00000F88
CTMUIE                            00000003
CTMUIF                            00000003
CTMUIP                            00000003
CTMUMD                            00000005
CTMUSIDL                          00000005
CTTRIG                            00000000
DACEN                             00000007
DACLPS                            00000006
DACNSS                            00000000
DACOE                             00000005
DACPSS0                           00000002
DACPSS1                           00000003
DACR0                             00000000
DACR1                             00000001
DACR2                             00000002
DACR3                             00000003
DACR4                             00000004
DC                                00000001
DC1B0                             00000004
DC1B1                             00000005
DC2B0                             00000004
DC2B1                             00000005
DDRA                              TRISA
DDRB                              TRISB
DDRC                              TRISC
DDRD                              TRISD
DDRE                              TRISE
DFN8EE                            00000003
DFN8EF                            00000003
DHEN                              00000000
DIR                               00000002
DONE                              00000001
DTRXP                             00000005
D_NOT_A                           00000005
ECCP1AS                           00000FB6
ECCP1AS0                          00000004
ECCP1AS1                          00000005
ECCP1AS2                          00000006
ECCP1ASE                          00000007
ECCP1CON                          00000FBD
ECCP1DEL                          00000FB7
ECCP2CON                          00000F97
EDG1POL                           00000004
EDG1SEL0                          00000002
MPASM 5.82                     SIMONDICE.ASM   5-1-2019  16:12:25         PAGE 20


SYMBOL TABLE
  LABEL                             VALUE 

EDG1SEL1                          00000003
EDG1STAT                          00000000
EDG2POL                           00000007
EDG2SEL0                          00000005
EDG2SEL1                          00000006
EDG2STAT                          00000001
EDGEN                             00000003
EDGSEQEN                          00000002
EEADR                             00000FA9
EECON1                            00000FA6
EECON2                            00000FA7
EEDATA                            00000FA8
EEIE                              00000004
EEIF                              00000004
EEIP                              00000004
EEPGD                             00000007
ENDP0                             00000003
ENDP1                             00000004
ENDP2                             00000005
ENDP3                             00000006
EPCONDIS                          00000003
EPHSHK                            00000004
EPINEN                            00000001
EPOUTEN                           00000002
EPSTALL                           00000000
FAST                              00000001
FERR                              00000002
FLTS                              00000002
FREE                              00000004
FRM0                              00000000
FRM1                              00000001
FRM10                             00000002
FRM2                              00000002
FRM3                              00000003
FRM4                              00000004
FRM5                              00000005
FRM6                              00000006
FRM7                              00000007
FRM8                              00000000
FRM9                              00000001
FSEN                              00000002
FSR0                              00000000
FSR0H                             00000FEA
FSR0L                             00000FE9
FSR1                              00000001
FSR1H                             00000FE2
FSR1L                             00000FE1
FSR2                              00000002
FSR2H                             00000FDA
FSR2L                             00000FD9
FVREN                             00000007
FVRS0                             00000004
FVRS1                             00000005
MPASM 5.82                     SIMONDICE.ASM   5-1-2019  16:12:25         PAGE 21


SYMBOL TABLE
  LABEL                             VALUE 

FVRST                             00000006
GCEN                              00000007
GIE                               00000007
GIEH                              00000007
GIEL                              00000006
GIE_GIEH                          00000007
GO                                00000001
GO_NOT_DONE                       00000001
HFIOFR                            00000001
HFIOFS                            00000002
HLVDCON                           00000F9C
HLVDEN                            00000004
HLVDIE                            00000002
HLVDIF                            00000002
HLVDIN                            00000005
HLVDIP                            00000002
HLVDL0                            00000000
HLVDL1                            00000001
HLVDL2                            00000002
HLVDL3                            00000003
IDISSEN                           00000001
IDLEIE                            00000004
IDLEIF                            00000004
IDLEN                             00000007
INDF0                             00000FEF
INDF1                             00000FE7
INDF2                             00000FDF
INT0                              00000000
INT0E                             00000004
INT0F                             00000001
INT0IE                            00000004
INT0IF                            00000001
INT1                              00000001
INT1E                             00000003
INT1F                             00000000
INT1IE                            00000003
INT1IF                            00000000
INT1IP                            00000006
INT1P                             00000006
INT2                              00000002
INT2E                             00000004
INT2F                             00000001
INT2IE                            00000004
INT2IF                            00000001
INT2IP                            00000007
INT2P                             00000007
INTCON                            00000FF2
INTCON2                           00000FF1
INTCON3                           00000FF0
INTEDG0                           00000006
INTEDG1                           00000005
INTEDG2                           00000004
INTSRC                            00000005
MPASM 5.82                     SIMONDICE.ASM   5-1-2019  16:12:25         PAGE 22


SYMBOL TABLE
  LABEL                             VALUE 

IOCB                              00000F86
IOCB4                             00000004
IOCB5                             00000005
IOCB6                             00000006
IOCB7                             00000007
IOCC                              00000F87
IOCC0                             00000000
IOCC1                             00000001
IOCC2                             00000002
IOCC4                             00000004
IOCC5                             00000005
IOCC6                             00000006
IOCC7                             00000007
IOCIE                             00000003
IOCIF                             00000000
IOCIP                             00000000
IPEN                              00000007
IPR1                              00000F9F
IPR2                              00000FA2
IPR3                              00000FA5
IRCF0                             00000004
IRCF1                             00000005
IRCF2                             00000006
IRNG0                             00000000
IRNG1                             00000001
IRVST                             00000005
ITRIM0                            00000002
ITRIM1                            00000003
ITRIM2                            00000004
ITRIM3                            00000005
ITRIM4                            00000006
ITRIM5                            00000007
LATA                              00000F89
LATA0                             00000000
LATA1                             00000001
LATA2                             00000002
LATA3                             00000003
LATA4                             00000004
LATA5                             00000005
LATA6                             00000006
LATA7                             00000007
LATB                              00000F8A
LATB0                             00000000
LATB1                             00000001
LATB2                             00000002
LATB3                             00000003
LATB4                             00000004
LATB5                             00000005
LATB6                             00000006
LATB7                             00000007
LATC                              00000F8B
LATC0                             00000000
LATC1                             00000001
MPASM 5.82                     SIMONDICE.ASM   5-1-2019  16:12:25         PAGE 23


SYMBOL TABLE
  LABEL                             VALUE 

LATC2                             00000002
LATC4                             00000004
LATC5                             00000005
LATC6                             00000006
LATC7                             00000007
LATD                              00000F8C
LATD0                             00000000
LATD1                             00000001
LATD2                             00000002
LATD3                             00000003
LATD4                             00000004
LATD5                             00000005
LATD6                             00000006
LATD7                             00000007
LATE                              00000F8D
LATE0                             00000000
LATE1                             00000001
LATE2                             00000002
LCDConfig                         00000002
LCDData                           00000003
LFIOFS                            00000000
LVDIE                             00000002
LVDIF                             00000002
LVDIN                             00000005
LVDIP                             00000002
MC1OUT                            00000007
MC2OUT                            00000006
MSSP1MD                           00000006
MSSPMD                            00000006
N                                 00000004
NOT_BOR                           00000000
NOT_DONE                          00000001
NOT_PD                            00000002
NOT_POR                           00000001
NOT_RBPU                          00000007
NOT_RI                            00000004
NOT_T1DONE                        00000003
NOT_T1SYNC                        00000002
NOT_T3DONE                        00000003
NOT_T3SYNC                        00000002
NOT_TO                            00000003
NUM                               00000004
NVCFG0                            00000000
NVCFG1                            00000001
Num                               00001250
OERR                              00000001
OESPP                             00000002
ON                                00000007
OSC2                              00000006
OSCCON                            00000FD3
OSCCON2                           00000FD2
OSCFIE                            00000007
OSCFIF                            00000007
MPASM 5.82                     SIMONDICE.ASM   5-1-2019  16:12:25         PAGE 24


SYMBOL TABLE
  LABEL                             VALUE 

OSCFIP                            00000007
OSCTUNE                           00000F9B
OSTS                              00000003
OV                                00000003
P                                 00000004
P1A                               00000002
P1M0                              00000006
P1M1                              00000007
P1RSEN                            00000007
PC                                00000FF9
PCIE                              00000006
PCL                               00000FF9
PCLATH                            00000FFA
PCLATU                            00000FFB
PD                                00000002
PDC0                              00000000
PDC1                              00000001
PDC2                              00000002
PDC3                              00000003
PDC4                              00000004
PDC5                              00000005
PDC6                              00000006
PEIE                              00000006
PEIE_GIEL                         00000006
PEN                               00000002
PGC                               00000006
PGD                               00000007
PGM                               00000005
PIDEE                             00000000
PIDEF                             00000000
PIE1                              00000F9D
PIE2                              00000FA0
PIE3                              00000FA3
PIR1                              00000F9E
PIR2                              00000FA1
PIR3                              00000FA4
PKTDIS                            00000004
PLLEN                             00000004
PLLRDY                            00000007
PLUSW0                            00000FEB
PLUSW1                            00000FE3
PLUSW2                            00000FDB
PMD0                              00000F7E
PMD1                              00000F7F
POR                               00000001
PORTA                             00000F80
PORTB                             00000F81
PORTC                             00000F82
PORTD                             00000F83
PORTE                             00000F84
POSTDEC0                          00000FED
POSTDEC1                          00000FE5
POSTDEC2                          00000FDD
MPASM 5.82                     SIMONDICE.ASM   5-1-2019  16:12:25         PAGE 25


SYMBOL TABLE
  LABEL                             VALUE 

POSTINC0                          00000FEE
POSTINC1                          00000FE6
POSTINC2                          00000FDE
PPB0                              00000000
PPB1                              00000001
PPBI                              00000001
PPBRST                            00000006
PR1SEN                            00000007
PR2                               00000FBB
PREINC0                           00000FEC
PREINC1                           00000FE4
PREINC2                           00000FDC
PRISD                             00000002
PROD                              00000FF3
PRODH                             00000FF4
PRODL                             00000FF3
PSA                               00000003
PSS1AC0                           00000002
PSS1AC1                           00000003
PSS1BD0                           00000000
PSS1BD1                           00000001
PSSAC0                            00000002
PSSAC1                            00000003
PSSBD0                            00000000
PSSBD1                            00000001
PSTR1CON                          00000FB9
PVCFG0                            00000002
PVCFG1                            00000003
PWM1CON                           00000FB7
RA0                               00000000
RA1                               00000001
RA2                               00000002
RA3                               00000003
RA4                               00000004
RA5                               00000005
RA6                               00000006
RA7                               00000007
RB0                               00000000
RB1                               00000001
RB2                               00000002
RB3                               00000003
RB4                               00000004
RB5                               00000005
RB6                               00000006
RB7                               00000007
RBPU                              00000007
RC0                               00000000
RC1                               00000001
RC1IE                             00000005
RC1IF                             00000005
RC1IP                             00000005
RC2                               00000002
RC4                               00000004
MPASM 5.82                     SIMONDICE.ASM   5-1-2019  16:12:25         PAGE 26


SYMBOL TABLE
  LABEL                             VALUE 

RC5                               00000005
RC6                               00000006
RC7                               00000007
RCEN                              00000003
RCIDL                             00000006
RCIE                              00000005
RCIF                              00000005
RCIP                              00000005
RCMT                              00000006
RCON                              00000FD0
RCREG                             00000FAE
RCREG1                            00000FAE
RCSTA                             00000FAB
RCSTA1                            00000FAB
RD                                00000000
RD0                               00000000
RD1                               00000001
RD16                              00000001
RD2                               00000002
RD3                               00000003
RD4                               00000004
RD5                               00000005
RD6                               00000006
RD7                               00000007
RE0                               00000000
RE1                               00000001
RE2                               00000002
RE3                               00000003
RESUME                            00000002
RI                                00000004
RSEN                              00000001
RX                                00000007
RX9                               00000006
RX9D                              00000000
RXDTP                             00000005
R_NOT_W                           00000002
S                                 00000003
SBCDE                             00000002
SBOREN                            00000006
SCIE                              00000005
SCKP                              00000004
SCS0                              00000000
SCS1                              00000001
SDAHT                             00000003
SE0                               00000005
SEN                               00000000
SENDB                             00000003
SIDL                              00000005
SLRA                              00000000
SLRB                              00000001
SLRC                              00000002
SLRCON                            00000F7A
SLRD                              00000003
MPASM 5.82                     SIMONDICE.ASM   5-1-2019  16:12:25         PAGE 27


SYMBOL TABLE
  LABEL                             VALUE 

SLRE                              00000004
SMP                               00000007
SOFIE                             00000006
SOFIF                             00000006
SOSCEN                            00000003
SOSCGO                            00000003
SOSCRUN                           00000006
SP0                               00000000
SP1                               00000001
SP2                               00000002
SP3                               00000003
SP4                               00000004
SPBRG                             00000FAF
SPBRG1                            00000FAF
SPBRGH                            00000FB0
SPBRGH1                           00000FB0
SPEN                              00000007
SPLLMULT                          00000007
SPP0                              00000000
SPP1                              00000001
SPP2                              00000002
SPP3                              00000003
SPP4                              00000004
SPP5                              00000005
SPP6                              00000006
SPP7                              00000007
SRCLK0                            00000004
SRCLK1                            00000005
SRCLK2                            00000006
SRCON0                            00000F58
SRCON1                            00000F57
SREN                              00000005
SRLEN                             00000007
SRNQEN                            00000002
SRPR                              00000000
SRPS                              00000001
SRQEN                             00000003
SRRC1E                            00000000
SRRC2E                            00000001
SRRCKE                            00000002
SRRPE                             00000003
SRSC1E                            00000004
SRSC2E                            00000005
SRSCKE                            00000006
SRSPE                             00000007
SSP1ADD                           00000FC8
SSP1ADD0                          00000000
SSP1ADD1                          00000001
SSP1ADD2                          00000002
SSP1ADD3                          00000003
SSP1ADD4                          00000004
SSP1ADD5                          00000005
SSP1ADD6                          00000006
MPASM 5.82                     SIMONDICE.ASM   5-1-2019  16:12:25         PAGE 28


SYMBOL TABLE
  LABEL                             VALUE 

SSP1ADD7                          00000007
SSP1BUF                           00000FC9
SSP1CON1                          00000FC6
SSP1CON2                          00000FC5
SSP1CON3                          00000FCB
SSP1IE                            00000003
SSP1IF                            00000003
SSP1IP                            00000003
SSP1MD                            00000006
SSP1MSK                           00000FCA
SSP1MSK0                          00000000
SSP1MSK1                          00000001
SSP1MSK2                          00000002
SSP1MSK3                          00000003
SSP1MSK4                          00000004
SSP1MSK5                          00000005
SSP1MSK6                          00000006
SSP1MSK7                          00000007
SSP1STAT                          00000FC7
SSPADD                            00000FC8
SSPBUF                            00000FC9
SSPCON                            00000FC6
SSPCON1                           00000FC6
SSPCON2                           00000FC5
SSPCON3                           00000FCB
SSPEN                             00000005
SSPIE                             00000003
SSPIF                             00000003
SSPIP                             00000003
SSPM0                             00000000
SSPM1                             00000001
SSPM2                             00000002
SSPM3                             00000003
SSPMSK                            00000FCA
SSPOV                             00000006
SSPSTAT                           00000FC7
STALLIE                           00000005
STALLIF                           00000005
STATUS                            00000FD8
STCON                             00000FB5
STEN                              00000007
STIE                              00000007
STIF                              00000007
STIP                              00000007
STKFUL                            00000007
STKOVF                            00000007
STKPTR                            00000FFC
STKUNF                            00000006
STLOCK                            00000003
STMD                              00000004
STOR                              00000001
STR1A                             00000000
STR1B                             00000001
MPASM 5.82                     SIMONDICE.ASM   5-1-2019  16:12:25         PAGE 29


SYMBOL TABLE
  LABEL                             VALUE 

STR1C                             00000002
STR1D                             00000003
STR1SYNC                          00000004
STRA                              00000000
STRB                              00000001
STRC                              00000002
STRD                              00000003
STRSYNC                           00000004
STSRC                             00000004
STUD                              00000006
SUSPND                            00000001
SWDTE                             00000000
SWDTEN                            00000000
SYNC                              00000004
T08BIT                            00000006
T0CKI                             00000004
T0CON                             00000FD5
T0CS                              00000005
T0IE                              00000005
T0IF                              00000002
T0IP                              00000002
T0PS0                             00000000
T0PS1                             00000001
T0PS2                             00000002
T0SE                              00000004
T13CKI                            00000000
T1CKPS0                           00000004
T1CKPS1                           00000005
T1CON                             00000FCD
T1DONE                            00000003
T1GCON                            00000FCC
T1GGO                             00000003
T1GGO_NOT_DONE                    00000003
T1GGO_NOT_T1DONE                  00000003
T1GPOL                            00000006
T1GSPM                            00000004
T1GSS0                            00000000
T1GSS1                            00000001
T1GTM                             00000005
T1GVAL                            00000002
T1OSCEN                           00000003
T1OSI                             00000001
T1OSO                             00000000
T1RD16                            00000001
T1SOSCEN                          00000003
T1SYNC                            00000002
T2CKPS0                           00000000
T2CKPS1                           00000001
T2CON                             00000FBA
T2OUTPS0                          00000003
T2OUTPS1                          00000004
T2OUTPS2                          00000005
T2OUTPS3                          00000006
MPASM 5.82                     SIMONDICE.ASM   5-1-2019  16:12:25         PAGE 30


SYMBOL TABLE
  LABEL                             VALUE 

T3CKPS0                           00000004
T3CKPS1                           00000005
T3CON                             00000FB1
T3DONE                            00000003
T3GCON                            00000FB4
T3GGO                             00000003
T3GGO_NOT_DONE                    00000003
T3GGO_NOT_T3DONE                  00000003
T3GPOL                            00000006
T3GSPM                            00000004
T3GSS0                            00000000
T3GSS1                            00000001
T3GTM                             00000005
T3GVAL                            00000002
T3OSCEN                           00000003
T3RD16                            00000001
T3SOSCEN                          00000003
T3SYNC                            00000002
TABLAT                            00000FF5
TBLPTR                            00000FF6
TBLPTRH                           00000FF7
TBLPTRL                           00000FF6
TBLPTRU                           00000FF8
TGEN                              00000004
TMR0                              00000FD6
TMR0H                             00000FD7
TMR0IE                            00000005
TMR0IF                            00000002
TMR0IP                            00000002
TMR0L                             00000FD6
TMR0ON                            00000007
TMR1                              00000FCE
TMR1CS0                           00000006
TMR1CS1                           00000007
TMR1GE                            00000007
TMR1GIE                           00000000
TMR1GIF                           00000000
TMR1GIP                           00000000
TMR1H                             00000FCF
TMR1IE                            00000000
TMR1IF                            00000000
TMR1IP                            00000000
TMR1L                             00000FCE
TMR1MD                            00000000
TMR1ON                            00000000
TMR2                              00000FBC
TMR2IE                            00000001
TMR2IF                            00000001
TMR2IP                            00000001
TMR2MD                            00000001
TMR2ON                            00000002
TMR3                              00000FB2
TMR3CS0                           00000006
MPASM 5.82                     SIMONDICE.ASM   5-1-2019  16:12:25         PAGE 31


SYMBOL TABLE
  LABEL                             VALUE 

TMR3CS1                           00000007
TMR3GE                            00000007
TMR3GIE                           00000001
TMR3GIF                           00000001
TMR3GIP                           00000001
TMR3H                             00000FB3
TMR3IE                            00000001
TMR3IF                            00000001
TMR3IP                            00000001
TMR3L                             00000FB2
TMR3MD                            00000002
TMR3ON                            00000000
TO                                00000003
TOS                               00000FFD
TOSH                              00000FFE
TOSL                              00000FFD
TOSU                              00000FFF
TRIGEN                            00000000
TRIGSEL                           00000007
TRISA                             00000F92
TRISA0                            00000000
TRISA1                            00000001
TRISA2                            00000002
TRISA3                            00000003
TRISA4                            00000004
TRISA5                            00000005
TRISA6                            00000006
TRISA7                            00000007
TRISB                             00000F93
TRISB0                            00000000
TRISB1                            00000001
TRISB2                            00000002
TRISB3                            00000003
TRISB4                            00000004
TRISB5                            00000005
TRISB6                            00000006
TRISB7                            00000007
TRISC                             00000F94
TRISC0                            00000000
TRISC1                            00000001
TRISC2                            00000002
TRISC4                            00000004
TRISC5                            00000005
TRISC6                            00000006
TRISC7                            00000007
TRISD                             00000F95
TRISD0                            00000000
TRISD1                            00000001
TRISD2                            00000002
TRISD3                            00000003
TRISD4                            00000004
TRISD5                            00000005
TRISD6                            00000006
MPASM 5.82                     SIMONDICE.ASM   5-1-2019  16:12:25         PAGE 32


SYMBOL TABLE
  LABEL                             VALUE 

TRISD7                            00000007
TRISE                             00000F96
TRISE0                            00000000
TRISE1                            00000001
TRISE2                            00000002
TRMT                              00000001
TRNIE                             00000003
TRNIF                             00000003
TSEN                              00000003
TSRNG                             00000002
TUN0                              00000000
TUN1                              00000001
TUN2                              00000002
TUN3                              00000003
TUN4                              00000004
TUN5                              00000005
TUN6                              00000006
TX                                00000006
TX1IE                             00000004
TX1IF                             00000004
TX1IP                             00000004
TX9                               00000006
TX9D                              00000000
TXCKP                             00000004
TXEN                              00000005
TXIE                              00000004
TXIF                              00000004
TXIP                              00000004
TXREG                             00000FAD
TXREG1                            00000FAD
TXSTA                             00000FAC
TXSTA1                            00000FAC
UA                                00000001
UADDR                             00000F63
UART1MD                           00000006
UARTMD                            00000006
UCFG                              00000F62
UCON                              00000F60
UEIE                              00000F66
UEIR                              00000F67
UEP0                              00000F6A
UEP1                              00000F6B
UEP10                             00000F74
UEP11                             00000F75
UEP12                             00000F76
UEP13                             00000F77
UEP14                             00000F78
UEP15                             00000F79
UEP2                              00000F6C
UEP3                              00000F6D
UEP4                              00000F6E
UEP5                              00000F6F
UEP6                              00000F70
MPASM 5.82                     SIMONDICE.ASM   5-1-2019  16:12:25         PAGE 33


SYMBOL TABLE
  LABEL                             VALUE 

UEP7                              00000F71
UEP8                              00000F72
UEP9                              00000F73
UERRIE                            00000001
UERRIF                            00000001
UFRM                              00000F68
UFRMH                             00000F69
UFRML                             00000F68
UIE                               00000F64
UIR                               00000F65
UOEMON                            00000006
UPUEN                             00000004
URSTIE                            00000000
URSTIF                            00000000
USBEN                             00000003
USBIE                             00000002
USBIF                             00000002
USBIP                             00000002
USBMD                             00000005
USTAT                             00000F61
UTEYE                             00000007
UTRDIS                            00000003
VDIRMAG                           00000007
VREFCON0                          00000F7D
VREFCON1                          00000F7C
VREFCON2                          00000F7B
VREFM                             00000002
VREFP                             00000003
VREGCON                           00000F5A
W                                 00000000
WCOL                              00000007
WDTCON                            00000FD1
WPUB                              00000F85
WPUB0                             00000000
WPUB1                             00000001
WPUB2                             00000002
WPUB3                             00000003
WPUB4                             00000004
WPUB5                             00000005
WPUB6                             00000006
WPUB7                             00000007
WPUE3                             00000007
WR                                00000001
WREG                              00000FE8
WREN                              00000002
WRERR                             00000003
WUE                               00000001
Z                                 00000002
_BOREN_NOSLP_2L                   000000FD
_BOREN_OFF_2L                     000000F9
_BOREN_ON_2L                      000000FB
_BOREN_SBORDIS_2L                 000000FF
_BORV_190_2L                      000000FF
MPASM 5.82                     SIMONDICE.ASM   5-1-2019  16:12:25         PAGE 34


SYMBOL TABLE
  LABEL                             VALUE 

_BORV_220_2L                      000000F7
_BORV_250_2L                      000000EF
_BORV_285_2L                      000000E7
_CCP2MX_RB3_3H                    000000FE
_CCP2MX_RC1_3H                    000000FF
_CFGPLLEN_OFF_1L                  000000FD
_CFGPLLEN_ON_1L                   000000FF
_CONFIG1H                         00300001
_CONFIG1L                         00300000
_CONFIG2H                         00300003
_CONFIG2L                         00300002
_CONFIG3H                         00300005
_CONFIG4L                         00300006
_CONFIG5H                         00300009
_CONFIG5L                         00300008
_CONFIG6H                         0030000B
_CONFIG6L                         0030000A
_CONFIG7H                         0030000D
_CONFIG7L                         0030000C
_CP0_OFF_5L                       000000FF
_CP0_ON_5L                        000000FE
_CP1_OFF_5L                       000000FF
_CP1_ON_5L                        000000FD
_CP2_OFF_5L                       000000FF
_CP2_ON_5L                        000000FB
_CP3_OFF_5L                       000000FF
_CP3_ON_5L                        000000F7
_CPB_OFF_5H                       000000FF
_CPB_ON_5H                        000000BF
_CPD_OFF_5H                       000000FF
_CPD_ON_5H                        0000007F
_CPUDIV_CLKDIV2_1L                000000EF
_CPUDIV_CLKDIV3_1L                000000F7
_CPUDIV_CLKDIV6_1L                000000FF
_CPUDIV_NOCLKDIV_1L               000000E7
_DEBUG_OFF_4L                     000000FF
_DEBUG_ON_4L                      0000007F
_DEVID1                           003FFFFE
_DEVID2                           003FFFFF
_EBTR0_OFF_7L                     000000FF
_EBTR0_ON_7L                      000000FE
_EBTR1_OFF_7L                     000000FF
_EBTR1_ON_7L                      000000FD
_EBTR2_OFF_7L                     000000FF
_EBTR2_ON_7L                      000000FB
_EBTR3_OFF_7L                     000000FF
_EBTR3_ON_7L                      000000F7
_EBTRB_OFF_7H                     000000FF
_EBTRB_ON_7H                      000000BF
_FCMEN_OFF_1H                     000000BF
_FCMEN_ON_1H                      000000FF
_FOSC_ECHCLKO_1H                  000000F4
_FOSC_ECHIO_1H                    000000F5
MPASM 5.82                     SIMONDICE.ASM   5-1-2019  16:12:25         PAGE 35


SYMBOL TABLE
  LABEL                             VALUE 

_FOSC_ECLCLKO_1H                  000000FC
_FOSC_ECLIO_1H                    000000FD
_FOSC_ECMCLKO_1H                  000000FA
_FOSC_ECMIO_1H                    000000FB
_FOSC_HSH_1H                      000000F2
_FOSC_HSM_1H                      000000F3
_FOSC_INTOSCCLKO_1H               000000F9
_FOSC_INTOSCIO_1H                 000000F8
_FOSC_LP_1H                       000000F0
_FOSC_RCCLKO_1H                   000000F6
_FOSC_RCIO_1H                     000000F7
_FOSC_XT_1H                       000000F1
_ICPRT_OFF_4L                     000000DF
_ICPRT_ON_4L                      000000FF
_IDLOC0                           00200000
_IDLOC1                           00200001
_IDLOC2                           00200002
_IDLOC3                           00200003
_IDLOC4                           00200004
_IDLOC5                           00200005
_IDLOC6                           00200006
_IDLOC7                           00200007
_IESO_OFF_1H                      0000007F
_IESO_ON_1H                       000000FF
_LS48MHZ_SYS24X4_1L               000000DF
_LS48MHZ_SYS48X8_1L               000000FF
_LVP_OFF_4L                       000000FB
_LVP_ON_4L                        000000FF
_MCLRE_OFF_3H                     0000007F
_MCLRE_ON_3H                      000000FF
_PBADEN_OFF_3H                    000000FD
_PBADEN_ON_3H                     000000FF
_PCLKEN_OFF_1H                    000000DF
_PCLKEN_ON_1H                     000000FF
_PLLSEL_PLL3X_1L                  000000FF
_PLLSEL_PLL4X_1L                  000000FE
_SDOMX_RB3_3H                     000000FF
_SDOMX_RC7_3H                     000000BF
_STVREN_OFF_4L                    000000FE
_STVREN_ON_4L                     000000FF
_T3CMX_RB5_3H                     000000EF
_T3CMX_RC0_3H                     000000FF
_WDTEN_NOSLP_2H                   000000FD
_WDTEN_OFF_2H                     000000FC
_WDTEN_ON_2H                      000000FF
_WDTEN_SWON_2H                    000000FE
_WDTPS_1024_2H                    000000EB
_WDTPS_128_2H                     000000DF
_WDTPS_16384_2H                   000000FB
_WDTPS_16_2H                      000000D3
_WDTPS_1_2H                       000000C3
_WDTPS_2048_2H                    000000EF
_WDTPS_256_2H                     000000E3
MPASM 5.82                     SIMONDICE.ASM   5-1-2019  16:12:25         PAGE 36


SYMBOL TABLE
  LABEL                             VALUE 

_WDTPS_2_2H                       000000C7
_WDTPS_32768_2H                   000000FF
_WDTPS_32_2H                      000000D7
_WDTPS_4096_2H                    000000F3
_WDTPS_4_2H                       000000CB
_WDTPS_512_2H                     000000E7
_WDTPS_64_2H                      000000DB
_WDTPS_8192_2H                    000000F7
_WDTPS_8_2H                       000000CF
_WRT0_OFF_6L                      000000FF
_WRT0_ON_6L                       000000FE
_WRT1_OFF_6L                      000000FF
_WRT1_ON_6L                       000000FD
_WRT2_OFF_6L                      000000FF
_WRT2_ON_6L                       000000FB
_WRT3_OFF_6L                      000000FF
_WRT3_ON_6L                       000000F7
_WRTB_OFF_6H                      000000FF
_WRTB_ON_6H                       000000BF
_WRTC_OFF_6H                      000000FF
_WRTC_ON_6H                       000000DF
_WRTD_OFF_6H                      000000FF
_WRTD_ON_6H                       0000007F
_XINST_OFF_4L                     000000BF
_XINST_ON_4L                      000000FF
__18F45K50                        00000001
_nLPBOR_OFF_2L                    000000FF
_nLPBOR_ON_2L                     000000BF
_nPWRTEN_OFF_2L                   000000FF
_nPWRTEN_ON_2L                    000000FE
add6                              000013FE
address                           00000041
bitf                              00000000
ckc1                              00001286
ckc2                              000012A6
ckc3                              000012C6
ckc4                              000012E6
comparador                        00000042
configT2                          00001226
corr                              0000133E
cuatro                            00001314
delay1                            00001504
display0                          00001460
display1                          0000146E
display2                          0000147C
display3                          0000148A
display4                          00001498
display5                          000014A6
display6                          000014B4
display7                          000014C2
display8                          000014D0
display9                          000014DE
displayNum                        00001414
MPASM 5.82                     SIMONDICE.ASM   5-1-2019  16:12:25         PAGE 37


SYMBOL TABLE
  LABEL                             VALUE 

dos                               0000130C
flag                              00000043
here                              00001066
incorr                            00001324
indice                            00000001
iterator                          00000040
jugar                             00001226
loadEEPROM                        0000106A
loop                              0000105E
loop1                             0000122A
loop2                             0000124E
main                              00001018
masterloop                        00001226
maxP                              00000005
maxPoints                         00001404
menuLCD                           00001154
ocho                              0000131C
puntaje                           00000000
puntajeLCD                        00001360
rutDel                            000014EC
rutDel2                           000014F6
rutDel3                           00001508
sendLCD                           000011FE
setmaxpoints                      00001350
uno                               00001304
waitLCD                           00001212
waitWrite                         0000114C
writeToEE                         0000113C

Errors   :     0
Warnings :     0 reported,     0 suppressed
Messages :     0 reported,     0 suppressed

